Start testing: Dec 24 09:43 UTC
----------------------------------------------------------
1/5 Testing: json::number
1/5 Test: json::number
Command: "/workspaces/-MIET/lab8/build/tests_json_parser" "json::number"
Directory: /workspaces/-MIET/lab8/build
"json::number" start time: Dec 24 09:43 UTC
Output:
----------------------------------------------------------
Filters: "json::number"
Randomness seeded to: 1172013059
===============================================================================
All tests passed (5 assertions in 1 test case)

<end of output>
Test time =   0.00 sec
----------------------------------------------------------
Test Passed.
"json::number" end time: Dec 24 09:43 UTC
"json::number" time elapsed: 00:00:00
----------------------------------------------------------

2/5 Testing: json::nullable
2/5 Test: json::nullable
Command: "/workspaces/-MIET/lab8/build/tests_json_parser" "json::nullable"
Directory: /workspaces/-MIET/lab8/build
"json::nullable" start time: Dec 24 09:43 UTC
Output:
----------------------------------------------------------
Filters: "json::nullable"
Randomness seeded to: 26038600
===============================================================================
All tests passed (1 assertion in 1 test case)

<end of output>
Test time =   0.00 sec
----------------------------------------------------------
Test Passed.
"json::nullable" end time: Dec 24 09:43 UTC
"json::nullable" time elapsed: 00:00:00
----------------------------------------------------------

3/5 Testing: json::array
3/5 Test: json::array
Command: "/workspaces/-MIET/lab8/build/tests_json_parser" "json::array"
Directory: /workspaces/-MIET/lab8/build
"json::array" start time: Dec 24 09:43 UTC
Output:
----------------------------------------------------------
Filters: "json::array"
Randomness seeded to: 3961811677
===============================================================================
All tests passed (16 assertions in 1 test case)

<end of output>
Test time =   0.00 sec
----------------------------------------------------------
Test Passed.
"json::array" end time: Dec 24 09:43 UTC
"json::array" time elapsed: 00:00:00
----------------------------------------------------------

4/5 Testing: json::object
4/5 Test: json::object
Command: "/workspaces/-MIET/lab8/build/tests_json_parser" "json::object"
Directory: /workspaces/-MIET/lab8/build
"json::object" start time: Dec 24 09:43 UTC
Output:
----------------------------------------------------------
Filters: "json::object"
Randomness seeded to: 1469612343
===============================================================================
All tests passed (11 assertions in 1 test case)

<end of output>
Test time =   0.00 sec
----------------------------------------------------------
Test Passed.
"json::object" end time: Dec 24 09:43 UTC
"json::object" time elapsed: 00:00:00
----------------------------------------------------------

5/5 Testing: json::json
5/5 Test: json::json
Command: "/workspaces/-MIET/lab8/build/tests_json_parser" "json::json"
Directory: /workspaces/-MIET/lab8/build
"json::json" start time: Dec 24 09:43 UTC
Output:
----------------------------------------------------------
Filters: "json::json"
Randomness seeded to: 1837344700
===============================================================================
All tests passed (5 assertions in 1 test case)

<end of output>
Test time =   0.00 sec
----------------------------------------------------------
Test Passed.
"json::json" end time: Dec 24 09:43 UTC
"json::json" time elapsed: 00:00:00
----------------------------------------------------------

End testing: Dec 24 09:43 UTC
